ERROR - 2021-07-19 09:28:31 --> Error connecting to the database: Access denied for user '****'@'localhost' (using password: NO)
CRITICAL - 2021-07-19 09:28:31 --> Unable to connect to the database.
Main connection [MySQLi]: Access denied for user '****'@'localhost' (using password: NO)
#0 /Applications/MAMP/htdocs/crud-codeigniter4/system/Database/BaseConnection.php(625): CodeIgniter\Database\BaseConnection->initialize()
#1 /Applications/MAMP/htdocs/crud-codeigniter4/app/Models/UsuariosModel.php(7): CodeIgniter\Database\BaseConnection->query('Select * from u...')
#2 /Applications/MAMP/htdocs/crud-codeigniter4/app/Controllers/Home.php(9): App\Models\UsuariosModel->listarDatos()
#3 /Applications/MAMP/htdocs/crud-codeigniter4/system/CodeIgniter.php(928): App\Controllers\Home->index()
#4 /Applications/MAMP/htdocs/crud-codeigniter4/system/CodeIgniter.php(436): CodeIgniter\CodeIgniter->runController(Object(App\Controllers\Home))
#5 /Applications/MAMP/htdocs/crud-codeigniter4/system/CodeIgniter.php(336): CodeIgniter\CodeIgniter->handleRequest(NULL, Object(Config\Cache), false)
#6 /Applications/MAMP/htdocs/crud-codeigniter4/public/index.php(37): CodeIgniter\CodeIgniter->run()
#7 {main}
ERROR - 2021-07-19 09:29:29 --> Error connecting to the database: Access denied for user '****'@'localhost' (using password: NO)
CRITICAL - 2021-07-19 09:29:29 --> Unable to connect to the database.
Main connection [MySQLi]: Access denied for user '****'@'localhost' (using password: NO)
#0 /Applications/MAMP/htdocs/crud-codeigniter4/system/Database/BaseConnection.php(625): CodeIgniter\Database\BaseConnection->initialize()
#1 /Applications/MAMP/htdocs/crud-codeigniter4/app/Models/UsuariosModel.php(7): CodeIgniter\Database\BaseConnection->query('Select * from u...')
#2 /Applications/MAMP/htdocs/crud-codeigniter4/app/Controllers/Home.php(9): App\Models\UsuariosModel->listarDatos()
#3 /Applications/MAMP/htdocs/crud-codeigniter4/system/CodeIgniter.php(928): App\Controllers\Home->index()
#4 /Applications/MAMP/htdocs/crud-codeigniter4/system/CodeIgniter.php(436): CodeIgniter\CodeIgniter->runController(Object(App\Controllers\Home))
#5 /Applications/MAMP/htdocs/crud-codeigniter4/system/CodeIgniter.php(336): CodeIgniter\CodeIgniter->handleRequest(NULL, Object(Config\Cache), false)
#6 /Applications/MAMP/htdocs/crud-codeigniter4/public/index.php(37): CodeIgniter\CodeIgniter->run()
#7 {main}
ERROR - 2021-07-19 09:31:14 --> Error connecting to the database: Access denied for user '****'@'localhost' (using password: NO)
CRITICAL - 2021-07-19 09:31:14 --> Unable to connect to the database.
Main connection [MySQLi]: Access denied for user '****'@'localhost' (using password: NO)
#0 /Applications/MAMP/htdocs/crud-codeigniter4/system/Database/BaseConnection.php(625): CodeIgniter\Database\BaseConnection->initialize()
#1 /Applications/MAMP/htdocs/crud-codeigniter4/app/Models/UsuariosModel.php(7): CodeIgniter\Database\BaseConnection->query('Select * from u...')
#2 /Applications/MAMP/htdocs/crud-codeigniter4/app/Controllers/Home.php(9): App\Models\UsuariosModel->listarDatos()
#3 /Applications/MAMP/htdocs/crud-codeigniter4/system/CodeIgniter.php(928): App\Controllers\Home->index()
#4 /Applications/MAMP/htdocs/crud-codeigniter4/system/CodeIgniter.php(436): CodeIgniter\CodeIgniter->runController(Object(App\Controllers\Home))
#5 /Applications/MAMP/htdocs/crud-codeigniter4/system/CodeIgniter.php(336): CodeIgniter\CodeIgniter->handleRequest(NULL, Object(Config\Cache), false)
#6 /Applications/MAMP/htdocs/crud-codeigniter4/public/index.php(37): CodeIgniter\CodeIgniter->run()
#7 {main}
ERROR - 2021-07-19 09:31:17 --> Error connecting to the database: Access denied for user '****'@'localhost' (using password: NO)
CRITICAL - 2021-07-19 09:31:17 --> Unable to connect to the database.
Main connection [MySQLi]: Access denied for user '****'@'localhost' (using password: NO)
#0 /Applications/MAMP/htdocs/crud-codeigniter4/system/Database/BaseConnection.php(625): CodeIgniter\Database\BaseConnection->initialize()
#1 /Applications/MAMP/htdocs/crud-codeigniter4/app/Models/UsuariosModel.php(7): CodeIgniter\Database\BaseConnection->query('Select * from u...')
#2 /Applications/MAMP/htdocs/crud-codeigniter4/app/Controllers/Home.php(9): App\Models\UsuariosModel->listarDatos()
#3 /Applications/MAMP/htdocs/crud-codeigniter4/system/CodeIgniter.php(928): App\Controllers\Home->index()
#4 /Applications/MAMP/htdocs/crud-codeigniter4/system/CodeIgniter.php(436): CodeIgniter\CodeIgniter->runController(Object(App\Controllers\Home))
#5 /Applications/MAMP/htdocs/crud-codeigniter4/system/CodeIgniter.php(336): CodeIgniter\CodeIgniter->handleRequest(NULL, Object(Config\Cache), false)
#6 /Applications/MAMP/htdocs/crud-codeigniter4/public/index.php(37): CodeIgniter\CodeIgniter->run()
#7 {main}
ERROR - 2021-07-19 09:36:49 --> Error connecting to the database: MySQL server has gone away
CRITICAL - 2021-07-19 09:36:49 --> Unable to connect to the database.
Main connection [MySQLi]: MySQL server has gone away
#0 /Applications/MAMP/htdocs/crud-codeigniter4/system/Database/BaseConnection.php(625): CodeIgniter\Database\BaseConnection->initialize()
#1 /Applications/MAMP/htdocs/crud-codeigniter4/app/Models/UsuariosModel.php(7): CodeIgniter\Database\BaseConnection->query('Select * from u...')
#2 /Applications/MAMP/htdocs/crud-codeigniter4/app/Controllers/Home.php(9): App\Models\UsuariosModel->listarDatos()
#3 /Applications/MAMP/htdocs/crud-codeigniter4/system/CodeIgniter.php(928): App\Controllers\Home->index()
#4 /Applications/MAMP/htdocs/crud-codeigniter4/system/CodeIgniter.php(436): CodeIgniter\CodeIgniter->runController(Object(App\Controllers\Home))
#5 /Applications/MAMP/htdocs/crud-codeigniter4/system/CodeIgniter.php(336): CodeIgniter\CodeIgniter->handleRequest(NULL, Object(Config\Cache), false)
#6 /Applications/MAMP/htdocs/crud-codeigniter4/public/index.php(37): CodeIgniter\CodeIgniter->run()
#7 {main}
ERROR - 2021-07-19 09:36:52 --> Error connecting to the database: Access denied for user '****'@'localhost' (using password: NO)
CRITICAL - 2021-07-19 09:36:52 --> Unable to connect to the database.
Main connection [MySQLi]: Access denied for user '****'@'localhost' (using password: NO)
#0 /Applications/MAMP/htdocs/crud-codeigniter4/system/Database/BaseConnection.php(625): CodeIgniter\Database\BaseConnection->initialize()
#1 /Applications/MAMP/htdocs/crud-codeigniter4/app/Models/UsuariosModel.php(7): CodeIgniter\Database\BaseConnection->query('Select * from u...')
#2 /Applications/MAMP/htdocs/crud-codeigniter4/app/Controllers/Home.php(9): App\Models\UsuariosModel->listarDatos()
#3 /Applications/MAMP/htdocs/crud-codeigniter4/system/CodeIgniter.php(928): App\Controllers\Home->index()
#4 /Applications/MAMP/htdocs/crud-codeigniter4/system/CodeIgniter.php(436): CodeIgniter\CodeIgniter->runController(Object(App\Controllers\Home))
#5 /Applications/MAMP/htdocs/crud-codeigniter4/system/CodeIgniter.php(336): CodeIgniter\CodeIgniter->handleRequest(NULL, Object(Config\Cache), false)
#6 /Applications/MAMP/htdocs/crud-codeigniter4/public/index.php(37): CodeIgniter\CodeIgniter->run()
#7 {main}
CRITICAL - 2021-07-19 10:47:33 --> Call to a member function insert() on null
#0 /Applications/MAMP/htdocs/crud-codeigniter4/app/Controllers/Home.php(24): App\Models\UsuariosModel->insertar(Object(App\Models\UsuariosModel))
#1 /Applications/MAMP/htdocs/crud-codeigniter4/system/CodeIgniter.php(928): App\Controllers\Home->crear()
#2 /Applications/MAMP/htdocs/crud-codeigniter4/system/CodeIgniter.php(436): CodeIgniter\CodeIgniter->runController(Object(App\Controllers\Home))
#3 /Applications/MAMP/htdocs/crud-codeigniter4/system/CodeIgniter.php(336): CodeIgniter\CodeIgniter->handleRequest(NULL, Object(Config\Cache), false)
#4 /Applications/MAMP/htdocs/crud-codeigniter4/public/index.php(37): CodeIgniter\CodeIgniter->run()
#5 {main}
CRITICAL - 2021-07-19 10:48:22 --> Argument 1 passed to CodeIgniter\Database\BaseBuilder::insert() must be of the type array or null, object given, called in /Applications/MAMP/htdocs/crud-codeigniter4/app/Models/UsuariosModel.php on line 13
#0 /Applications/MAMP/htdocs/crud-codeigniter4/app/Models/UsuariosModel.php(13): CodeIgniter\Database\BaseBuilder->insert(Object(App\Models\UsuariosModel))
#1 /Applications/MAMP/htdocs/crud-codeigniter4/app/Controllers/Home.php(24): App\Models\UsuariosModel->insertar(Object(App\Models\UsuariosModel))
#2 /Applications/MAMP/htdocs/crud-codeigniter4/system/CodeIgniter.php(928): App\Controllers\Home->crear()
#3 /Applications/MAMP/htdocs/crud-codeigniter4/system/CodeIgniter.php(436): CodeIgniter\CodeIgniter->runController(Object(App\Controllers\Home))
#4 /Applications/MAMP/htdocs/crud-codeigniter4/system/CodeIgniter.php(336): CodeIgniter\CodeIgniter->handleRequest(NULL, Object(Config\Cache), false)
#5 /Applications/MAMP/htdocs/crud-codeigniter4/public/index.php(37): CodeIgniter\CodeIgniter->run()
#6 {main}
ERROR - 2021-07-19 10:49:52 --> Column 'nombre' cannot be null
CRITICAL - 2021-07-19 10:49:52 --> Column 'nombre' cannot be null
#0 /Applications/MAMP/htdocs/crud-codeigniter4/system/Database/MySQLi/Connection.php(329): mysqli->query('INSERT INTO `us...')
#1 /Applications/MAMP/htdocs/crud-codeigniter4/system/Database/BaseConnection.php(732): CodeIgniter\Database\MySQLi\Connection->execute('INSERT INTO `us...')
#2 /Applications/MAMP/htdocs/crud-codeigniter4/system/Database/BaseConnection.php(647): CodeIgniter\Database\BaseConnection->simpleQuery('INSERT INTO `us...')
#3 /Applications/MAMP/htdocs/crud-codeigniter4/system/Database/BaseBuilder.php(2277): CodeIgniter\Database\BaseConnection->query('INSERT INTO `us...', Array, false)
#4 /Applications/MAMP/htdocs/crud-codeigniter4/app/Models/UsuariosModel.php(13): CodeIgniter\Database\BaseBuilder->insert(Array)
#5 /Applications/MAMP/htdocs/crud-codeigniter4/app/Controllers/Home.php(24): App\Models\UsuariosModel->insertar(Array)
#6 /Applications/MAMP/htdocs/crud-codeigniter4/system/CodeIgniter.php(928): App\Controllers\Home->crear()
#7 /Applications/MAMP/htdocs/crud-codeigniter4/system/CodeIgniter.php(436): CodeIgniter\CodeIgniter->runController(Object(App\Controllers\Home))
#8 /Applications/MAMP/htdocs/crud-codeigniter4/system/CodeIgniter.php(336): CodeIgniter\CodeIgniter->handleRequest(NULL, Object(Config\Cache), false)
#9 /Applications/MAMP/htdocs/crud-codeigniter4/public/index.php(37): CodeIgniter\CodeIgniter->run()
#10 {main}
ERROR - 2021-07-19 10:52:24 --> Column 'nombre' cannot be null
CRITICAL - 2021-07-19 10:52:24 --> Column 'nombre' cannot be null
#0 /Applications/MAMP/htdocs/crud-codeigniter4/system/Database/MySQLi/Connection.php(329): mysqli->query('INSERT INTO `us...')
#1 /Applications/MAMP/htdocs/crud-codeigniter4/system/Database/BaseConnection.php(732): CodeIgniter\Database\MySQLi\Connection->execute('INSERT INTO `us...')
#2 /Applications/MAMP/htdocs/crud-codeigniter4/system/Database/BaseConnection.php(647): CodeIgniter\Database\BaseConnection->simpleQuery('INSERT INTO `us...')
#3 /Applications/MAMP/htdocs/crud-codeigniter4/system/Database/BaseBuilder.php(2277): CodeIgniter\Database\BaseConnection->query('INSERT INTO `us...', Array, false)
#4 /Applications/MAMP/htdocs/crud-codeigniter4/app/Models/UsuariosModel.php(13): CodeIgniter\Database\BaseBuilder->insert(Array)
#5 /Applications/MAMP/htdocs/crud-codeigniter4/app/Controllers/Home.php(24): App\Models\UsuariosModel->insertar(Array)
#6 /Applications/MAMP/htdocs/crud-codeigniter4/system/CodeIgniter.php(928): App\Controllers\Home->crear()
#7 /Applications/MAMP/htdocs/crud-codeigniter4/system/CodeIgniter.php(436): CodeIgniter\CodeIgniter->runController(Object(App\Controllers\Home))
#8 /Applications/MAMP/htdocs/crud-codeigniter4/system/CodeIgniter.php(336): CodeIgniter\CodeIgniter->handleRequest(NULL, Object(Config\Cache), false)
#9 /Applications/MAMP/htdocs/crud-codeigniter4/public/index.php(37): CodeIgniter\CodeIgniter->run()
#10 {main}
ERROR - 2021-07-19 10:55:08 --> Column 'nombre' cannot be null
CRITICAL - 2021-07-19 10:55:08 --> Column 'nombre' cannot be null
#0 /Applications/MAMP/htdocs/crud-codeigniter4/system/Database/MySQLi/Connection.php(329): mysqli->query('INSERT INTO `us...')
#1 /Applications/MAMP/htdocs/crud-codeigniter4/system/Database/BaseConnection.php(732): CodeIgniter\Database\MySQLi\Connection->execute('INSERT INTO `us...')
#2 /Applications/MAMP/htdocs/crud-codeigniter4/system/Database/BaseConnection.php(647): CodeIgniter\Database\BaseConnection->simpleQuery('INSERT INTO `us...')
#3 /Applications/MAMP/htdocs/crud-codeigniter4/system/Database/BaseBuilder.php(2277): CodeIgniter\Database\BaseConnection->query('INSERT INTO `us...', Array, false)
#4 /Applications/MAMP/htdocs/crud-codeigniter4/app/Models/UsuariosModel.php(13): CodeIgniter\Database\BaseBuilder->insert(Array)
#5 /Applications/MAMP/htdocs/crud-codeigniter4/app/Controllers/Home.php(25): App\Models\UsuariosModel->insertar(Array)
#6 /Applications/MAMP/htdocs/crud-codeigniter4/system/CodeIgniter.php(928): App\Controllers\Home->crear()
#7 /Applications/MAMP/htdocs/crud-codeigniter4/system/CodeIgniter.php(436): CodeIgniter\CodeIgniter->runController(Object(App\Controllers\Home))
#8 /Applications/MAMP/htdocs/crud-codeigniter4/system/CodeIgniter.php(336): CodeIgniter\CodeIgniter->handleRequest(NULL, Object(Config\Cache), false)
#9 /Applications/MAMP/htdocs/crud-codeigniter4/public/index.php(37): CodeIgniter\CodeIgniter->run()
#10 {main}
ERROR - 2021-07-19 11:25:47 --> Error connecting to the database: No such file or directory
CRITICAL - 2021-07-19 11:25:47 --> Unable to connect to the database.
Main connection [MySQLi]: No such file or directory
#0 /Applications/MAMP/htdocs/crud-codeigniter4/system/Database/BaseConnection.php(625): CodeIgniter\Database\BaseConnection->initialize()
#1 /Applications/MAMP/htdocs/crud-codeigniter4/app/Models/UsuariosModel.php(7): CodeIgniter\Database\BaseConnection->query('Select * from u...')
#2 /Applications/MAMP/htdocs/crud-codeigniter4/app/Controllers/Home.php(9): App\Models\UsuariosModel->listarDatos()
#3 /Applications/MAMP/htdocs/crud-codeigniter4/system/CodeIgniter.php(928): App\Controllers\Home->index()
#4 /Applications/MAMP/htdocs/crud-codeigniter4/system/CodeIgniter.php(436): CodeIgniter\CodeIgniter->runController(Object(App\Controllers\Home))
#5 /Applications/MAMP/htdocs/crud-codeigniter4/system/CodeIgniter.php(336): CodeIgniter\CodeIgniter->handleRequest(NULL, Object(Config\Cache), false)
#6 /Applications/MAMP/htdocs/crud-codeigniter4/public/index.php(37): CodeIgniter\CodeIgniter->run()
#7 {main}
ERROR - 2021-07-19 11:26:35 --> Column 'nombre' cannot be null
CRITICAL - 2021-07-19 11:26:35 --> Column 'nombre' cannot be null
#0 /Applications/MAMP/htdocs/crud-codeigniter4/system/Database/MySQLi/Connection.php(329): mysqli->query('INSERT INTO `us...')
#1 /Applications/MAMP/htdocs/crud-codeigniter4/system/Database/BaseConnection.php(732): CodeIgniter\Database\MySQLi\Connection->execute('INSERT INTO `us...')
#2 /Applications/MAMP/htdocs/crud-codeigniter4/system/Database/BaseConnection.php(647): CodeIgniter\Database\BaseConnection->simpleQuery('INSERT INTO `us...')
#3 /Applications/MAMP/htdocs/crud-codeigniter4/system/Database/BaseBuilder.php(2277): CodeIgniter\Database\BaseConnection->query('INSERT INTO `us...', Array, false)
#4 /Applications/MAMP/htdocs/crud-codeigniter4/app/Models/UsuariosModel.php(13): CodeIgniter\Database\BaseBuilder->insert(Array)
#5 /Applications/MAMP/htdocs/crud-codeigniter4/app/Controllers/Home.php(25): App\Models\UsuariosModel->insertar(Array)
#6 /Applications/MAMP/htdocs/crud-codeigniter4/system/CodeIgniter.php(928): App\Controllers\Home->crear()
#7 /Applications/MAMP/htdocs/crud-codeigniter4/system/CodeIgniter.php(436): CodeIgniter\CodeIgniter->runController(Object(App\Controllers\Home))
#8 /Applications/MAMP/htdocs/crud-codeigniter4/system/CodeIgniter.php(336): CodeIgniter\CodeIgniter->handleRequest(NULL, Object(Config\Cache), false)
#9 /Applications/MAMP/htdocs/crud-codeigniter4/public/index.php(37): CodeIgniter\CodeIgniter->run()
#10 {main}
CRITICAL - 2021-07-19 13:23:54 --> syntax error, unexpected '?>', expecting ')'
#0 /Applications/MAMP/htdocs/crud-codeigniter4/system/View/View.php(232): CodeIgniter\View\View->CodeIgniter\View\{closure}()
#1 /Applications/MAMP/htdocs/crud-codeigniter4/system/Common.php(1271): CodeIgniter\View\View->render('actualizar', Array, true)
#2 /Applications/MAMP/htdocs/crud-codeigniter4/app/Controllers/Home.php(51): view('actualizar', Array)
#3 /Applications/MAMP/htdocs/crud-codeigniter4/system/CodeIgniter.php(928): App\Controllers\Home->obtenerNombre('5')
#4 /Applications/MAMP/htdocs/crud-codeigniter4/system/CodeIgniter.php(436): CodeIgniter\CodeIgniter->runController(Object(App\Controllers\Home))
#5 /Applications/MAMP/htdocs/crud-codeigniter4/system/CodeIgniter.php(336): CodeIgniter\CodeIgniter->handleRequest(NULL, Object(Config\Cache), false)
#6 /Applications/MAMP/htdocs/crud-codeigniter4/public/index.php(37): CodeIgniter\CodeIgniter->run()
#7 {main}
CRITICAL - 2021-07-19 13:26:38 --> Argument 2 passed to view() must be of the type array, object given, called in /Applications/MAMP/htdocs/crud-codeigniter4/app/Controllers/Home.php on line 51
#0 /Applications/MAMP/htdocs/crud-codeigniter4/app/Controllers/Home.php(51): view('actualizar', Object(App\Models\UsuariosModel))
#1 /Applications/MAMP/htdocs/crud-codeigniter4/system/CodeIgniter.php(928): App\Controllers\Home->obtenerNombre('1')
#2 /Applications/MAMP/htdocs/crud-codeigniter4/system/CodeIgniter.php(436): CodeIgniter\CodeIgniter->runController(Object(App\Controllers\Home))
#3 /Applications/MAMP/htdocs/crud-codeigniter4/system/CodeIgniter.php(336): CodeIgniter\CodeIgniter->handleRequest(NULL, Object(Config\Cache), false)
#4 /Applications/MAMP/htdocs/crud-codeigniter4/public/index.php(37): CodeIgniter\CodeIgniter->run()
#5 {main}
CRITICAL - 2021-07-19 14:04:43 --> syntax error, unexpected '<', expecting end of file
#0 /Applications/MAMP/htdocs/crud-codeigniter4/system/View/View.php(232): CodeIgniter\View\View->CodeIgniter\View\{closure}()
#1 /Applications/MAMP/htdocs/crud-codeigniter4/system/Common.php(1271): CodeIgniter\View\View->render('welcome_message', Array, true)
#2 /Applications/MAMP/htdocs/crud-codeigniter4/app/Controllers/Home.php(17): view('welcome_message', Array)
#3 /Applications/MAMP/htdocs/crud-codeigniter4/system/CodeIgniter.php(928): App\Controllers\Home->index()
#4 /Applications/MAMP/htdocs/crud-codeigniter4/system/CodeIgniter.php(436): CodeIgniter\CodeIgniter->runController(Object(App\Controllers\Home))
#5 /Applications/MAMP/htdocs/crud-codeigniter4/system/CodeIgniter.php(336): CodeIgniter\CodeIgniter->handleRequest(NULL, Object(Config\Cache), false)
#6 /Applications/MAMP/htdocs/crud-codeigniter4/public/index.php(37): CodeIgniter\CodeIgniter->run()
#7 {main}
CRITICAL - 2021-07-19 14:23:14 --> Call to undefined function App\Controllers\printr()
#0 /Applications/MAMP/htdocs/crud-codeigniter4/system/CodeIgniter.php(928): App\Controllers\Home->obtenerNombre('1')
#1 /Applications/MAMP/htdocs/crud-codeigniter4/system/CodeIgniter.php(436): CodeIgniter\CodeIgniter->runController(Object(App\Controllers\Home))
#2 /Applications/MAMP/htdocs/crud-codeigniter4/system/CodeIgniter.php(336): CodeIgniter\CodeIgniter->handleRequest(NULL, Object(Config\Cache), false)
#3 /Applications/MAMP/htdocs/crud-codeigniter4/public/index.php(37): CodeIgniter\CodeIgniter->run()
#4 {main}
CRITICAL - 2021-07-19 14:40:21 --> syntax error, unexpected '$nombre' (T_VARIABLE)
#0 /Applications/MAMP/htdocs/crud-codeigniter4/system/View/View.php(232): CodeIgniter\View\View->CodeIgniter\View\{closure}()
#1 /Applications/MAMP/htdocs/crud-codeigniter4/system/Common.php(1271): CodeIgniter\View\View->render('actualizar', Array, true)
#2 /Applications/MAMP/htdocs/crud-codeigniter4/app/Controllers/Home.php(48): view('actualizar', Array)
#3 /Applications/MAMP/htdocs/crud-codeigniter4/system/CodeIgniter.php(928): App\Controllers\Home->obtenerNombre('1')
#4 /Applications/MAMP/htdocs/crud-codeigniter4/system/CodeIgniter.php(436): CodeIgniter\CodeIgniter->runController(Object(App\Controllers\Home))
#5 /Applications/MAMP/htdocs/crud-codeigniter4/system/CodeIgniter.php(336): CodeIgniter\CodeIgniter->handleRequest(NULL, Object(Config\Cache), false)
#6 /Applications/MAMP/htdocs/crud-codeigniter4/public/index.php(37): CodeIgniter\CodeIgniter->run()
#7 {main}
CRITICAL - 2021-07-19 14:42:08 --> Class 'Console' not found
#0 /Applications/MAMP/htdocs/crud-codeigniter4/system/View/View.php(230): include()
#1 /Applications/MAMP/htdocs/crud-codeigniter4/system/View/View.php(232): CodeIgniter\View\View->CodeIgniter\View\{closure}()
#2 /Applications/MAMP/htdocs/crud-codeigniter4/system/Common.php(1271): CodeIgniter\View\View->render('actualizar', Array, true)
#3 /Applications/MAMP/htdocs/crud-codeigniter4/app/Controllers/Home.php(48): view('actualizar', Array)
#4 /Applications/MAMP/htdocs/crud-codeigniter4/system/CodeIgniter.php(928): App\Controllers\Home->obtenerNombre('1')
#5 /Applications/MAMP/htdocs/crud-codeigniter4/system/CodeIgniter.php(436): CodeIgniter\CodeIgniter->runController(Object(App\Controllers\Home))
#6 /Applications/MAMP/htdocs/crud-codeigniter4/system/CodeIgniter.php(336): CodeIgniter\CodeIgniter->handleRequest(NULL, Object(Config\Cache), false)
#7 /Applications/MAMP/htdocs/crud-codeigniter4/public/index.php(37): CodeIgniter\CodeIgniter->run()
#8 {main}
CRITICAL - 2021-07-19 15:02:52 --> Call to a member function set() on null
#0 /Applications/MAMP/htdocs/crud-codeigniter4/app/Controllers/Home.php(48): App\Models\UsuariosModel->actualizar(Array, '')
#1 /Applications/MAMP/htdocs/crud-codeigniter4/system/CodeIgniter.php(928): App\Controllers\Home->actualizar()
#2 /Applications/MAMP/htdocs/crud-codeigniter4/system/CodeIgniter.php(436): CodeIgniter\CodeIgniter->runController(Object(App\Controllers\Home))
#3 /Applications/MAMP/htdocs/crud-codeigniter4/system/CodeIgniter.php(336): CodeIgniter\CodeIgniter->handleRequest(NULL, Object(Config\Cache), false)
#4 /Applications/MAMP/htdocs/crud-codeigniter4/public/index.php(37): CodeIgniter\CodeIgniter->run()
#5 {main}
